#
# There is insufficient memory for the Java Runtime Environment to continue.
# Native memory allocation (malloc) failed to allocate 154016 bytes for Chunk::new
# Possible reasons:
#   The system is out of physical RAM or swap space
#   The process is running with CompressedOops enabled, and the Java Heap may be blocking the growth of the native heap
# Possible solutions:
#   Reduce memory load on the system
#   Increase physical memory or swap space
#   Check if swap backing store is full
#   Decrease Java heap size (-Xmx/-Xms)
#   Decrease number of Java threads
#   Decrease Java thread stack sizes (-Xss)
#   Set larger code cache with -XX:ReservedCodeCacheSize=
#   JVM is running with Unscaled Compressed Oops mode in which the Java heap is
#     placed in the first 4GB address space. The Java Heap base address is the
#     maximum limit for the native heap growth. Please use -XX:HeapBaseMinAddress
#     to set the Java Heap base and to place the Java Heap above 4GB virtual address.
# This output file may be truncated or incomplete.
#
#  Out of Memory Error (allocation.cpp:389), pid=1748, tid=0x0000000000001270
#
# JRE version: OpenJDK Runtime Environment (8.0_242-b01) (build 1.8.0_242-release-1644-b01)
# Java VM: OpenJDK 64-Bit Server VM (25.242-b01 mixed mode windows-amd64 compressed oops)
# Failed to write core dump. Minidumps are not enabled by default on client versions of Windows
#

---------------  T H R E A D  ---------------

Current thread (0x0000000017691800):  JavaThread "C2 CompilerThread0" daemon [_thread_in_native, id=4720, stack(0x00000000186c0000,0x00000000187c0000)]

Stack: [0x00000000186c0000,0x00000000187c0000]
[error occurred during error reporting (printing stack bounds), id 0xc0000005]

Native frames: (J=compiled Java code, j=interpreted, Vv=VM code, C=native code)


Current CompileTask:
C2:  69059 3941       4       org.objectweb.asm.SymbolTable::addConstantUtf8Reference (101 bytes)


---------------  P R O C E S S  ---------------

Java Threads: ( => current thread )
  0x0000000018ca9800 JavaThread "Cache worker for Build Output Cleanup Cache (C:\Users\ELCOT\AndroidStudioProjects\Amazon\.gradle\buildOutputCleanup)" [_thread_blocked, id=1636, stack(0x00000000258b0000,0x00000000259b0000)]
  0x0000000018ca8800 JavaThread "jar transforms Thread 92" [_thread_blocked, id=8220, stack(0x00000000255b0000,0x00000000256b0000)]
  0x0000000018ca6000 JavaThread "jar transforms Thread 91" [_thread_blocked, id=2076, stack(0x00000000254b0000,0x00000000255b0000)]
  0x0000000018ca1000 JavaThread "jar transforms Thread 90" [_thread_blocked, id=6632, stack(0x00000000253b0000,0x00000000254b0000)]
  0x0000000018ca7800 JavaThread "jar transforms Thread 89" [_thread_blocked, id=2964, stack(0x00000000252b0000,0x00000000253b0000)]
  0x0000000018ca3000 JavaThread "jar transforms Thread 88" [_thread_blocked, id=8756, stack(0x00000000251b0000,0x00000000252b0000)]
  0x0000000018ca4000 JavaThread "jar transforms Thread 87" [_thread_blocked, id=3368, stack(0x00000000250b0000,0x00000000251b0000)]
  0x0000000018ca0000 JavaThread "jar transforms Thread 86" [_thread_blocked, id=8264, stack(0x0000000024fb0000,0x00000000250b0000)]
  0x0000000018ca5800 JavaThread "jar transforms Thread 85" [_thread_blocked, id=2840, stack(0x0000000024eb0000,0x0000000024fb0000)]
  0x0000000018ca2800 JavaThread "jar transforms Thread 84" [_thread_blocked, id=5344, stack(0x0000000024db0000,0x0000000024eb0000)]
  0x0000000018ca1800 JavaThread "jar transforms Thread 83" [_thread_blocked, id=8472, stack(0x0000000024cb0000,0x0000000024db0000)]
  0x0000000018ca4800 JavaThread "jar transforms Thread 82" [_thread_blocked, id=2668, stack(0x0000000024bb0000,0x0000000024cb0000)]
  0x0000000018c9f800 JavaThread "jar transforms Thread 81" [_thread_blocked, id=700, stack(0x0000000024ab0000,0x0000000024bb0000)]
  0x0000000019a5b800 JavaThread "jar transforms Thread 80" [_thread_blocked, id=8908, stack(0x00000000249b0000,0x0000000024ab0000)]
  0x0000000019a59000 JavaThread "jar transforms Thread 79" [_thread_blocked, id=8104, stack(0x00000000248b0000,0x00000000249b0000)]
  0x0000000019a58800 JavaThread "jar transforms Thread 78" [_thread_blocked, id=7880, stack(0x00000000247b0000,0x00000000248b0000)]
  0x0000000019a57800 JavaThread "jar transforms Thread 77" [_thread_blocked, id=3780, stack(0x00000000246b0000,0x00000000247b0000)]
  0x0000000019a5a000 JavaThread "jar transforms Thread 76" [_thread_blocked, id=4356, stack(0x00000000245b0000,0x00000000246b0000)]
  0x0000000019a57000 JavaThread "jar transforms Thread 75" [_thread_blocked, id=4668, stack(0x00000000244b0000,0x00000000245b0000)]
  0x0000000019a5a800 JavaThread "jar transforms Thread 74" [_thread_blocked, id=2072, stack(0x00000000243b0000,0x00000000244b0000)]
  0x0000000019a4f800 JavaThread "jar transforms Thread 73" [_thread_blocked, id=3588, stack(0x00000000242b0000,0x00000000243b0000)]
  0x0000000019a56000 JavaThread "jar transforms Thread 72" [_thread_blocked, id=3308, stack(0x00000000241b0000,0x00000000242b0000)]
  0x0000000019a54800 JavaThread "jar transforms Thread 71" [_thread_blocked, id=2788, stack(0x00000000240b0000,0x00000000241b0000)]
  0x0000000019a55800 JavaThread "jar transforms Thread 70" [_thread_blocked, id=7684, stack(0x0000000023fb0000,0x00000000240b0000)]
  0x0000000019a4d000 JavaThread "jar transforms Thread 69" [_thread_blocked, id=7468, stack(0x0000000023eb0000,0x0000000023fb0000)]
  0x0000000019a51000 JavaThread "jar transforms Thread 68" [_thread_blocked, id=1720, stack(0x0000000023db0000,0x0000000023eb0000)]
  0x0000000019a54000 JavaThread "jar transforms Thread 67" [_thread_blocked, id=7572, stack(0x0000000023cb0000,0x0000000023db0000)]
  0x0000000019a50000 JavaThread "jar transforms Thread 66" [_thread_blocked, id=7544, stack(0x0000000023bb0000,0x0000000023cb0000)]
  0x0000000019a4c800 JavaThread "jar transforms Thread 65" [_thread_blocked, id=2216, stack(0x0000000023ab0000,0x0000000023bb0000)]
  0x0000000019a53000 JavaThread "jar transforms Thread 64" [_thread_blocked, id=7380, stack(0x00000000239b0000,0x0000000023ab0000)]
  0x0000000019a51800 JavaThread "jar transforms Thread 63" [_thread_blocked, id=4340, stack(0x00000000238b0000,0x00000000239b0000)]
  0x0000000019a4e000 JavaThread "jar transforms Thread 62" [_thread_blocked, id=2508, stack(0x00000000237b0000,0x00000000238b0000)]
  0x0000000019a52800 JavaThread "jar transforms Thread 61" [_thread_blocked, id=4156, stack(0x00000000236b0000,0x00000000237b0000)]
  0x0000000019a4e800 JavaThread "jar transforms Thread 60" [_thread_blocked, id=5484, stack(0x00000000235b0000,0x00000000236b0000)]
  0x0000000019dd0000 JavaThread "jar transforms Thread 59" [_thread_blocked, id=4080, stack(0x00000000234b0000,0x00000000235b0000)]
  0x0000000019dcf800 JavaThread "jar transforms Thread 58" [_thread_blocked, id=5364, stack(0x00000000233b0000,0x00000000234b0000)]
  0x0000000019dce000 JavaThread "jar transforms Thread 57" [_thread_blocked, id=8312, stack(0x00000000232b0000,0x00000000233b0000)]
  0x0000000019dce800 JavaThread "jar transforms Thread 56" [_thread_blocked, id=8436, stack(0x00000000231b0000,0x00000000232b0000)]
  0x0000000019dd2800 JavaThread "jar transforms Thread 55" [_thread_blocked, id=4572, stack(0x00000000230b0000,0x00000000231b0000)]
  0x0000000019dd1800 JavaThread "jar transforms Thread 54" [_thread_blocked, id=7364, stack(0x0000000022fb0000,0x00000000230b0000)]
  0x0000000019dd1000 JavaThread "jar transforms Thread 53" [_thread_blocked, id=8448, stack(0x0000000022eb0000,0x0000000022fb0000)]
  0x0000000019dc6800 JavaThread "jar transforms Thread 52" [_thread_blocked, id=8612, stack(0x0000000022db0000,0x0000000022eb0000)]
  0x0000000019dcd000 JavaThread "jar transforms Thread 51" [_thread_blocked, id=7808, stack(0x0000000022cb0000,0x0000000022db0000)]
  0x0000000019dc5800 JavaThread "jar transforms Thread 50" [_thread_blocked, id=6920, stack(0x0000000022bb0000,0x0000000022cb0000)]
  0x0000000019dcc800 JavaThread "jar transforms Thread 49" [_thread_blocked, id=3380, stack(0x0000000022ab0000,0x0000000022bb0000)]
  0x0000000019dc5000 JavaThread "jar transforms Thread 48" [_thread_blocked, id=9120, stack(0x00000000229b0000,0x0000000022ab0000)]
  0x0000000019dcb800 JavaThread "jar transforms Thread 47" [_thread_blocked, id=6372, stack(0x00000000228b0000,0x00000000229b0000)]
  0x0000000019dc4000 JavaThread "jar transforms Thread 46" [_thread_blocked, id=1256, stack(0x00000000227b0000,0x00000000228b0000)]
  0x0000000019dca000 JavaThread "jar transforms Thread 45" [_thread_blocked, id=8568, stack(0x00000000226b0000,0x00000000227b0000)]
  0x0000000019dcb000 JavaThread "jar transforms Thread 44" [_thread_blocked, id=7336, stack(0x00000000225b0000,0x00000000226b0000)]
  0x0000000019dc9800 JavaThread "jar transforms Thread 43" [_thread_blocked, id=392, stack(0x00000000224b0000,0x00000000225b0000)]
  0x0000000019dc8800 JavaThread "jar transforms Thread 42" [_thread_blocked, id=5928, stack(0x00000000223b0000,0x00000000224b0000)]
  0x0000000019dc3800 JavaThread "jar transforms Thread 41" [_thread_blocked, id=900, stack(0x00000000222b0000,0x00000000223b0000)]
  0x0000000019dc7000 JavaThread "jar transforms Thread 40" [_thread_blocked, id=5712, stack(0x00000000221b0000,0x00000000222b0000)]
  0x0000000019dc8000 JavaThread "jar transforms Thread 39" [_thread_blocked, id=3536, stack(0x00000000220b0000,0x00000000221b0000)]
  0x00000000194db800 JavaThread "jar transforms Thread 38" [_thread_blocked, id=7448, stack(0x0000000021fb0000,0x00000000220b0000)]
  0x00000000194db000 JavaThread "jar transforms Thread 37" [_thread_blocked, id=2784, stack(0x0000000021eb0000,0x0000000021fb0000)]
  0x00000000194da000 JavaThread "jar transforms Thread 36" [_thread_blocked, id=3472, stack(0x0000000021db0000,0x0000000021eb0000)]
  0x00000000194d9000 JavaThread "jar transforms Thread 35" [_thread_blocked, id=6088, stack(0x0000000021cb0000,0x0000000021db0000)]
  0x00000000194d1800 JavaThread "jar transforms Thread 34" [_thread_blocked, id=7804, stack(0x0000000021bb0000,0x0000000021cb0000)]
  0x00000000194d8800 JavaThread "jar transforms Thread 33" [_thread_blocked, id=7320, stack(0x0000000021ab0000,0x0000000021bb0000)]
  0x00000000194d1000 JavaThread "jar transforms Thread 32" [_thread_blocked, id=4828, stack(0x00000000219b0000,0x0000000021ab0000)]
  0x00000000194d7800 JavaThread "jar transforms Thread 31" [_thread_blocked, id=1816, stack(0x00000000218b0000,0x00000000219b0000)]
  0x00000000194d0000 JavaThread "jar transforms Thread 30" [_thread_blocked, id=948, stack(0x00000000217b0000,0x00000000218b0000)]
  0x00000000194d4800 JavaThread "jar transforms Thread 29" [_thread_blocked, id=4780, stack(0x00000000216b0000,0x00000000217b0000)]
  0x00000000194d4000 JavaThread "jar transforms Thread 28" [_thread_blocked, id=5988, stack(0x00000000215b0000,0x00000000216b0000)]
  0x00000000194d7000 JavaThread "jar transforms Thread 27" [_thread_blocked, id=3680, stack(0x00000000214b0000,0x00000000215b0000)]
  0x00000000194cf800 JavaThread "jar transforms Thread 26" [_thread_blocked, id=7528, stack(0x00000000213b0000,0x00000000214b0000)]
  0x00000000194d2800 JavaThread "jar transforms Thread 25" [_thread_blocked, id=280, stack(0x00000000212b0000,0x00000000213b0000)]
  0x00000000194d6000 JavaThread "jar transforms Thread 24" [_thread_blocked, id=7512, stack(0x00000000211b0000,0x00000000212b0000)]
  0x00000000194ce800 JavaThread "jar transforms Thread 23" [_thread_blocked, id=1964, stack(0x00000000210b0000,0x00000000211b0000)]
  0x00000000194d5800 JavaThread "jar transforms Thread 22" [_thread_blocked, id=8516, stack(0x0000000020fb0000,0x00000000210b0000)]
  0x00000000194cc800 JavaThread "jar transforms Thread 21" [_thread_blocked, id=3044, stack(0x0000000020eb0000,0x0000000020fb0000)]
  0x00000000194ce000 JavaThread "jar transforms Thread 20" [_thread_blocked, id=8716, stack(0x0000000020db0000,0x0000000020eb0000)]
  0x00000000194d3000 JavaThread "jar transforms Thread 19" [_thread_blocked, id=7228, stack(0x0000000020cb0000,0x0000000020db0000)]
  0x00000000194cd000 JavaThread "jar transforms Thread 18" [_thread_blocked, id=7300, stack(0x0000000020bb0000,0x0000000020cb0000)]
  0x000000001d4d0000 JavaThread "jar transforms Thread 17" [_thread_blocked, id=4980, stack(0x0000000020ab0000,0x0000000020bb0000)]
  0x000000001d4d7000 JavaThread "jar transforms Thread 16" [_thread_blocked, id=1244, stack(0x00000000209b0000,0x0000000020ab0000)]
  0x000000001d4d6000 JavaThread "jar transforms Thread 15" [_thread_blocked, id=4336, stack(0x00000000208b0000,0x00000000209b0000)]
  0x000000001d4d1800 JavaThread "jar transforms Thread 14" [_thread_blocked, id=7208, stack(0x00000000207b0000,0x00000000208b0000)]
  0x000000001d4d5800 JavaThread "jar transforms Thread 13" [_thread_blocked, id=3080, stack(0x00000000206b0000,0x00000000207b0000)]
  0x000000001d4d3000 JavaThread "jar transforms Thread 12" [_thread_blocked, id=7552, stack(0x00000000205b0000,0x00000000206b0000)]
  0x000000001d4d4800 JavaThread "jar transforms Thread 11" [_thread_blocked, id=3340, stack(0x00000000204b0000,0x00000000205b0000)]
  0x000000001d4d2800 JavaThread "jar transforms Thread 10" [_thread_blocked, id=704, stack(0x00000000203b0000,0x00000000204b0000)]
  0x000000001d4cf800 JavaThread "jar transforms Thread 9" [_thread_blocked, id=724, stack(0x00000000202b0000,0x00000000203b0000)]
  0x000000001d4d4000 JavaThread "jar transforms Thread 8" [_thread_blocked, id=3128, stack(0x00000000201b0000,0x00000000202b0000)]
  0x000000001d4d1000 JavaThread "jar transforms Thread 7" [_thread_blocked, id=412, stack(0x00000000200b0000,0x00000000201b0000)]
  0x000000001d4c8000 JavaThread "jar transforms Thread 6" [_thread_blocked, id=9156, stack(0x000000001ffb0000,0x00000000200b0000)]
  0x000000001d4cd000 JavaThread "jar transforms Thread 5" [_thread_blocked, id=1772, stack(0x000000001feb0000,0x000000001ffb0000)]
  0x000000001d4ce800 JavaThread "jar transforms Thread 4" [_thread_blocked, id=1552, stack(0x000000001fdb0000,0x000000001feb0000)]
  0x000000001d4cb800 JavaThread "jar transforms Thread 3" [_thread_blocked, id=6828, stack(0x000000001fcb0000,0x000000001fdb0000)]
  0x000000001d4ce000 JavaThread "jar transforms Thread 2" [_thread_blocked, id=6424, stack(0x000000001fbb0000,0x000000001fcb0000)]
  0x000000001d4c8800 JavaThread "Build operations Thread 2" [_thread_blocked, id=3300, stack(0x000000001fab0000,0x000000001fbb0000)]
  0x000000001d4cc800 JavaThread "Build operations" [_thread_blocked, id=6520, stack(0x000000001f9b0000,0x000000001fab0000)]
  0x000000001a307000 JavaThread "Cache worker for file content cache (C:\Users\ELCOT\.gradle\caches\6.5\fileContent)" [_thread_blocked, id=8384, stack(0x000000001f2b0000,0x000000001f3b0000)]
  0x000000001a309800 JavaThread "jar transforms" [_thread_blocked, id=3684, stack(0x000000001f1b0000,0x000000001f2b0000)]
  0x000000001a306800 JavaThread "Cache worker for execution history cache (C:\Users\ELCOT\.gradle\caches\6.5\executionHistory)" [_thread_blocked, id=1916, stack(0x000000001eab0000,0x000000001ebb0000)]
  0x000000001a308800 JavaThread "Cache worker for cache directory md-rule (C:\Users\ELCOT\.gradle\caches\6.5\md-rule)" [_thread_blocked, id=7164, stack(0x000000001e9b0000,0x000000001eab0000)]
  0x000000001a305000 JavaThread "Cache worker for cache directory md-supplier (C:\Users\ELCOT\.gradle\caches\6.5\md-supplier)" [_thread_blocked, id=5328, stack(0x000000001e8b0000,0x000000001e9b0000)]
  0x000000001a30b000 JavaThread "Cache worker for checksums cache (C:\Users\ELCOT\AndroidStudioProjects\Amazon\.gradle\checksums)" [_thread_blocked, id=6268, stack(0x000000001e7b0000,0x000000001e8b0000)]
  0x000000001a304000 JavaThread "Cache worker for file hash cache (C:\Users\ELCOT\AndroidStudioProjects\Amazon\.gradle\6.5\fileHashes)" [_thread_blocked, id=1520, stack(0x000000001e3b0000,0x000000001e4b0000)]
  0x000000001a30a000 JavaThread "Cache worker for file hash cache (C:\Users\ELCOT\.gradle\caches\6.5\fileHashes)" [_thread_blocked, id=276, stack(0x000000001bf10000,0x000000001c010000)]
  0x000000001a308000 JavaThread "File lock request listener" [_thread_in_native, id=2884, stack(0x000000001be10000,0x000000001bf10000)]
  0x0000000018cfc000 JavaThread "Cache worker for journal cache (C:\Users\ELCOT\.gradle\caches\journal-1)" [_thread_blocked, id=5756, stack(0x000000001bd10000,0x000000001be10000)]
  0x0000000019c37800 JavaThread "Thread-9" [_thread_blocked, id=8800, stack(0x000000001ba10000,0x000000001bb10000)]
  0x0000000019c26800 JavaThread "Stdin handler" [_thread_blocked, id=7968, stack(0x000000001b910000,0x000000001ba10000)]
  0x0000000019f67000 JavaThread "Asynchronous log dispatcher for DefaultDaemonConnection: socket connection from /127.0.0.1:51013 to /127.0.0.1:51014" [_thread_blocked, id=6576, stack(0x000000001b810000,0x000000001b910000)]
  0x0000000019b29800 JavaThread "Daemon worker" [_thread_in_vm, id=5520, stack(0x000000001b710000,0x000000001b810000)]
  0x0000000019b27000 JavaThread "Cancel handler" [_thread_blocked, id=6640, stack(0x000000001b610000,0x000000001b710000)]
  0x0000000019ffd000 JavaThread "Handler for socket connection from /127.0.0.1:51013 to /127.0.0.1:51014" [_thread_in_native, id=4908, stack(0x000000001b510000,0x000000001b610000)]
  0x0000000019ffc000 JavaThread "Daemon periodic checks" [_thread_blocked, id=4584, stack(0x000000001b210000,0x000000001b310000)]
  0x0000000019ff1800 JavaThread "Daemon" [_thread_blocked, id=2892, stack(0x000000001b110000,0x000000001b210000)]
  0x0000000018bcc800 JavaThread "Incoming local TCP Connector on port 51013" [_thread_in_native, id=6296, stack(0x000000001aed0000,0x000000001afd0000)]
  0x0000000019f47800 JavaThread "Daemon health stats" [_thread_blocked, id=1628, stack(0x000000001a890000,0x000000001a990000)]
  0x0000000017702800 JavaThread "Service Thread" daemon [_thread_blocked, id=2116, stack(0x00000000188c0000,0x00000000189c0000)]
  0x00000000176a7000 JavaThread "C1 CompilerThread1" daemon [_thread_blocked, id=8496, stack(0x00000000187c0000,0x00000000188c0000)]
=>0x0000000017691800 JavaThread "C2 CompilerThread0" daemon [_thread_in_native, id=4720, stack(0x00000000186c0000,0x00000000187c0000)]
  0x0000000017690800 JavaThread "Attach Listener" daemon [_thread_blocked, id=6532, stack(0x00000000185c0000,0x00000000186c0000)]
  0x000000001768a000 JavaThread "Signal Dispatcher" daemon [_thread_blocked, id=1632, stack(0x00000000184c0000,0x00000000185c0000)]
  0x0000000002ca7000 JavaThread "Finalizer" daemon [_thread_blocked, id=2212, stack(0x00000000182c0000,0x00000000183c0000)]
  0x0000000017677000 JavaThread "Reference Handler" daemon [_thread_blocked, id=5440, stack(0x00000000181c0000,0x00000000182c0000)]
  0x0000000002bad800 JavaThread "main" [_thread_blocked, id=924, stack(0x0000000002a20000,0x0000000002b20000)]

Other Threads:
  0x0000000017654800 VMThread [stack: 0x00000000180c0000,0x00000000181c0000] [id=6044]
  0x0000000017706000 WatcherThread [stack: 0x00000000189c0000,0x0000000018ac0000] [id=7668]

VM state:not at safepoint (normal execution)

VM Mutex/Monitor currently owned by a thread: None

heap address: 0x0000000080000000, size: 2048 MB, Compressed Oops mode: 32-bit
Narrow klass base: 0x0000000000000000, Narrow klass shift: 3
Compressed class space size: 1073741824 Address: 0x0000000100000000

Heap:
 PSYoungGen      total 118272K, used 61613K [0x00000000d5580000, 0x00000000de500000, 0x0000000100000000)
  eden space 111616K, 49% used [0x00000000d5580000,0x00000000d8b8b268,0x00000000dc280000)
  from space 6656K, 94% used [0x00000000dde80000,0x00000000de4a0498,0x00000000de500000)
  to   space 10240K, 0% used [0x00000000dd100000,0x00000000dd100000,0x00000000ddb00000)
 ParOldGen       total 48128K, used 14444K [0x0000000080000000, 0x0000000082f00000, 0x00000000d5580000)
  object space 48128K, 30% used [0x0000000080000000,0x0000000080e1b330,0x0000000082f00000)
 Metaspace       used 43873K, capacity 45622K, committed 46040K, reserved 1089536K
  class space    used 5925K, capacity 6275K, committed 6400K, reserved 1048576K

Card table byte_map: [0x0000000012070000,0x0000000012480000] byte_map_base: 0x0000000011c70000

Marking Bits: (ParMarkBitMap*) 0x000000006e68f030
 Begin Bits: [0x0000000012930000, 0x0000000014930000)
 End Bits:   [0x0000000014930000, 0x0000000016930000)

Polling page: 0x0000000000e60000

CodeCache: size=245760Kb used=12330Kb max_used=12330Kb free=233429Kb
 bounds [0x0000000002cb0000, 0x00000000038d0000, 0x0000000011cb0000]
 total_blobs=4344 nmethods=3611 adapters=646
 compilation: enabled

Compilation events (10 events):
Event: 68.903 Thread 0x00000000176a7000 nmethod 3940 0x00000000038c02d0 code [0x00000000038c0440, 0x00000000038c06e8]
Event: 68.904 Thread 0x0000000017691800 3941       4       org.objectweb.asm.SymbolTable::addConstantUtf8Reference (101 bytes)
Event: 68.960 Thread 0x00000000176a7000 3942       1       org.objectweb.asm.MethodWriter::visitCode (1 bytes)
Event: 68.960 Thread 0x00000000176a7000 nmethod 3942 0x00000000038c0010 code [0x00000000038c0160, 0x00000000038c0270]
Event: 68.963 Thread 0x00000000176a7000 3943       3       org.objectweb.asm.SymbolTable::hash (7 bytes)
Event: 68.964 Thread 0x00000000176a7000 nmethod 3943 0x00000000038bfd10 code [0x00000000038bfe60, 0x00000000038bff90]
Event: 68.969 Thread 0x00000000176a7000 3944       3       org.gradle.cache.internal.DefaultCrossBuildInMemoryCacheFactory$DefaultClassMap::getCacheScope (37 bytes)
Event: 68.971 Thread 0x00000000176a7000 nmethod 3944 0x00000000038be4d0 code [0x00000000038be700, 0x00000000038bf688]
Event: 68.979 Thread 0x00000000176a7000 3945       3       com.google.common.collect.AbstractIndexedListIterator::hasNext (17 bytes)
Event: 68.979 Thread 0x00000000176a7000 nmethod 3945 0x00000000038be150 code [0x00000000038be2a0, 0x00000000038be450]

GC Heap History (10 events):
Event: 43.653 GC heap before
{Heap before GC invocations=10 (full 1):
 PSYoungGen      total 67584K, used 60416K [0x00000000d5580000, 0x00000000d9f80000, 0x0000000100000000)
  eden space 60416K, 100% used [0x00000000d5580000,0x00000000d9080000,0x00000000d9080000)
  from space 7168K, 0% used [0x00000000d9880000,0x00000000d9880000,0x00000000d9f80000)
  to   space 7680K, 0% used [0x00000000d9080000,0x00000000d9080000,0x00000000d9800000)
 ParOldGen       total 33792K, used 11340K [0x0000000080000000, 0x0000000082100000, 0x00000000d5580000)
  object space 33792K, 33% used [0x0000000080000000,0x0000000080b13290,0x0000000082100000)
 Metaspace       used 28129K, capacity 28920K, committed 29056K, reserved 1075200K
  class space    used 3871K, capacity 4128K, committed 4224K, reserved 1048576K
Event: 43.771 GC heap after
Heap after GC invocations=10 (full 1):
 PSYoungGen      total 68096K, used 7667K [0x00000000d5580000, 0x00000000dbe00000, 0x0000000100000000)
  eden space 60416K, 0% used [0x00000000d5580000,0x00000000d5580000,0x00000000d9080000)
  from space 7680K, 99% used [0x00000000d9080000,0x00000000d97fccd0,0x00000000d9800000)
  to   space 8704K, 0% used [0x00000000db580000,0x00000000db580000,0x00000000dbe00000)
 ParOldGen       total 33792K, used 11471K [0x0000000080000000, 0x0000000082100000, 0x00000000d5580000)
  object space 33792K, 33% used [0x0000000080000000,0x0000000080b33e78,0x0000000082100000)
 Metaspace       used 28129K, capacity 28920K, committed 29056K, reserved 1075200K
  class space    used 3871K, capacity 4128K, committed 4224K, reserved 1048576K
}
Event: 48.980 GC heap before
{Heap before GC invocations=11 (full 1):
 PSYoungGen      total 68096K, used 68083K [0x00000000d5580000, 0x00000000dbe00000, 0x0000000100000000)
  eden space 60416K, 100% used [0x00000000d5580000,0x00000000d9080000,0x00000000d9080000)
  from space 7680K, 99% used [0x00000000d9080000,0x00000000d97fccd0,0x00000000d9800000)
  to   space 8704K, 0% used [0x00000000db580000,0x00000000db580000,0x00000000dbe00000)
 ParOldGen       total 33792K, used 11471K [0x0000000080000000, 0x0000000082100000, 0x00000000d5580000)
  object space 33792K, 33% used [0x0000000080000000,0x0000000080b33e78,0x0000000082100000)
 Metaspace       used 32672K, capacity 33636K, committed 33664K, reserved 1079296K
  class space    used 4449K, capacity 4718K, committed 4736K, reserved 1048576K
Event: 49.155 GC heap after
Heap after GC invocations=11 (full 1):
 PSYoungGen      total 96768K, used 8687K [0x00000000d5580000, 0x00000000dc180000, 0x0000000100000000)
  eden space 88064K, 0% used [0x00000000d5580000,0x00000000d5580000,0x00000000dab80000)
  from space 8704K, 99% used [0x00000000db580000,0x00000000dbdfbdb0,0x00000000dbe00000)
  to   space 10240K, 0% used [0x00000000dab80000,0x00000000dab80000,0x00000000db580000)
 ParOldGen       total 33792K, used 11771K [0x0000000080000000, 0x0000000082100000, 0x00000000d5580000)
  object space 33792K, 34% used [0x0000000080000000,0x0000000080b7ede0,0x0000000082100000)
 Metaspace       used 32672K, capacity 33636K, committed 33664K, reserved 1079296K
  class space    used 4449K, capacity 4718K, committed 4736K, reserved 1048576K
}
Event: 52.160 GC heap before
{Heap before GC invocations=12 (full 1):
 PSYoungGen      total 96768K, used 43948K [0x00000000d5580000, 0x00000000dc180000, 0x0000000100000000)
  eden space 88064K, 40% used [0x00000000d5580000,0x00000000d77ef640,0x00000000dab80000)
  from space 8704K, 99% used [0x00000000db580000,0x00000000dbdfbdb0,0x00000000dbe00000)
  to   space 10240K, 0% used [0x00000000dab80000,0x00000000dab80000,0x00000000db580000)
 ParOldGen       total 33792K, used 11771K [0x0000000080000000, 0x0000000082100000, 0x00000000d5580000)
  object space 33792K, 34% used [0x0000000080000000,0x0000000080b7ede0,0x0000000082100000)
 Metaspace       used 34225K, capacity 35380K, committed 35416K, reserved 1079296K
  class space    used 4709K, capacity 4969K, committed 4992K, reserved 1048576K
Event: 52.190 GC heap after
Heap after GC invocations=12 (full 1):
 PSYoungGen      total 98304K, used 2439K [0x00000000d5580000, 0x00000000de880000, 0x0000000100000000)
  eden space 88064K, 0% used [0x00000000d5580000,0x00000000d5580000,0x00000000dab80000)
  from space 10240K, 23% used [0x00000000dab80000,0x00000000dade1c18,0x00000000db580000)
  to   space 10240K, 0% used [0x00000000dde80000,0x00000000dde80000,0x00000000de880000)
 ParOldGen       total 33792K, used 17455K [0x0000000080000000, 0x0000000082100000, 0x00000000d5580000)
  object space 33792K, 51% used [0x0000000080000000,0x000000008110be78,0x0000000082100000)
 Metaspace       used 34225K, capacity 35380K, committed 35416K, reserved 1079296K
  class space    used 4709K, capacity 4969K, committed 4992K, reserved 1048576K
}
Event: 52.190 GC heap before
{Heap before GC invocations=13 (full 2):
 PSYoungGen      total 98304K, used 2439K [0x00000000d5580000, 0x00000000de880000, 0x0000000100000000)
  eden space 88064K, 0% used [0x00000000d5580000,0x00000000d5580000,0x00000000dab80000)
  from space 10240K, 23% used [0x00000000dab80000,0x00000000dade1c18,0x00000000db580000)
  to   space 10240K, 0% used [0x00000000dde80000,0x00000000dde80000,0x00000000de880000)
 ParOldGen       total 33792K, used 17455K [0x0000000080000000, 0x0000000082100000, 0x00000000d5580000)
  object space 33792K, 51% used [0x0000000080000000,0x000000008110be78,0x0000000082100000)
 Metaspace       used 34225K, capacity 35380K, committed 35416K, reserved 1079296K
  class space    used 4709K, capacity 4969K, committed 4992K, reserved 1048576K
Event: 52.757 GC heap after
Heap after GC invocations=13 (full 2):
 PSYoungGen      total 98304K, used 0K [0x00000000d5580000, 0x00000000de880000, 0x0000000100000000)
  eden space 88064K, 0% used [0x00000000d5580000,0x00000000d5580000,0x00000000dab80000)
  from space 10240K, 0% used [0x00000000dab80000,0x00000000dab80000,0x00000000db580000)
  to   space 10240K, 0% used [0x00000000dde80000,0x00000000dde80000,0x00000000de880000)
 ParOldGen       total 48128K, used 14436K [0x0000000080000000, 0x0000000082f00000, 0x00000000d5580000)
  object space 48128K, 29% used [0x0000000080000000,0x0000000080e19330,0x0000000082f00000)
 Metaspace       used 34225K, capacity 35380K, committed 35416K, reserved 1079296K
  class space    used 4709K, capacity 4969K, committed 4992K, reserved 1048576K
}
Event: 62.330 GC heap before
{Heap before GC invocations=14 (full 2):
 PSYoungGen      total 98304K, used 88064K [0x00000000d5580000, 0x00000000de880000, 0x0000000100000000)
  eden space 88064K, 100% used [0x00000000d5580000,0x00000000dab80000,0x00000000dab80000)
  from space 10240K, 0% used [0x00000000dab80000,0x00000000dab80000,0x00000000db580000)
  to   space 10240K, 0% used [0x00000000dde80000,0x00000000dde80000,0x00000000de880000)
 ParOldGen       total 48128K, used 14436K [0x0000000080000000, 0x0000000082f00000, 0x00000000d5580000)
  object space 48128K, 29% used [0x0000000080000000,0x0000000080e19330,0x0000000082f00000)
 Metaspace       used 36987K, capacity 38548K, committed 38744K, reserved 1083392K
  class space    used 5091K, capacity 5390K, committed 5504K, reserved 1048576K
Event: 62.358 GC heap after
Heap after GC invocations=14 (full 2):
 PSYoungGen      total 118272K, used 6273K [0x00000000d5580000, 0x00000000de500000, 0x0000000100000000)
  eden space 111616K, 0% used [0x00000000d5580000,0x00000000d5580000,0x00000000dc280000)
  from space 6656K, 94% used [0x00000000dde80000,0x00000000de4a0498,0x00000000de500000)
  to   space 10240K, 0% used [0x00000000dd100000,0x00000000dd100000,0x00000000ddb00000)
 ParOldGen       total 48128K, used 14444K [0x0000000080000000, 0x0000000082f00000, 0x00000000d5580000)
  object space 48128K, 30% used [0x0000000080000000,0x0000000080e1b330,0x0000000082f00000)
 Metaspace       used 36987K, capacity 38548K, committed 38744K, reserved 1083392K
  class space    used 5091K, capacity 5390K, committed 5504K, reserved 1048576K
}

Deoptimization events (10 events):
Event: 59.647 Thread 0x0000000019b29800 Uncommon trap: reason=unstable_if action=reinterpret pc=0x000000000305810c method=java.util.jar.JarFile.match([C[B[I[I)Z @ 29
Event: 61.473 Thread 0x0000000019b29800 Uncommon trap: reason=unstable_if action=reinterpret pc=0x0000000003158a4c method=java.util.WeakHashMap.expungeStaleEntries()V @ 66
Event: 62.308 Thread 0x0000000019b29800 Uncommon trap: reason=predicate action=maybe_recompile pc=0x00000000031aee70 method=com.google.common.base.CharMatcher.indexIn(Ljava/lang/CharSequence;I)I @ 22
Event: 62.402 Thread 0x0000000019b29800 Uncommon trap: reason=bimorphic action=maybe_recompile pc=0x0000000003532508 method=java.lang.ClassLoader.getPackage(Ljava/lang/String;)Ljava/lang/Package; @ 47
Event: 62.402 Thread 0x0000000019b29800 Uncommon trap: reason=bimorphic action=maybe_recompile pc=0x0000000003532508 method=java.lang.ClassLoader.getPackage(Ljava/lang/String;)Ljava/lang/Package; @ 47
Event: 62.402 Thread 0x0000000019b29800 Uncommon trap: reason=bimorphic action=maybe_recompile pc=0x0000000003532508 method=java.lang.ClassLoader.getPackage(Ljava/lang/String;)Ljava/lang/Package; @ 47
Event: 62.402 Thread 0x0000000019b29800 Uncommon trap: reason=bimorphic action=maybe_recompile pc=0x0000000003532508 method=java.lang.ClassLoader.getPackage(Ljava/lang/String;)Ljava/lang/Package; @ 47
Event: 63.911 Thread 0x0000000019b29800 Uncommon trap: reason=unstable_if action=reinterpret pc=0x000000000339af24 method=java.io.BufferedInputStream.read([BII)I @ 56
Event: 67.151 Thread 0x0000000019b29800 Uncommon trap: reason=unstable_if action=reinterpret pc=0x000000000355aee8 method=org.objectweb.asm.ByteVector.putUTF8(Ljava/lang/String;)Lorg/objectweb/asm/ByteVector; @ 93
Event: 67.197 Thread 0x0000000019b29800 Uncommon trap: reason=unstable_if action=reinterpret pc=0x00000000032bbe68 method=org.objectweb.asm.ByteVector.putUTF8(Ljava/lang/String;)Lorg/objectweb/asm/ByteVector; @ 93

Classes redefined (0 events):
No events

Internal exceptions (10 events):
Event: 62.203 Thread 0x0000000019c37800 Exception <a 'java/lang/NoSuchMethodError': <clinit>> (0x00000000da9d2c68) thrown at [C:\src\AOSP-openjdk-git\hotspot\src\share\vm\prims\jni.cpp, line 1615]
Event: 62.206 Thread 0x0000000019c37800 Exception <a 'java/lang/NoSuchMethodError': <clinit>> (0x00000000da9dced8) thrown at [C:\src\AOSP-openjdk-git\hotspot\src\share\vm\prims\jni.cpp, line 1615]
Event: 62.210 Thread 0x0000000019c37800 Exception <a 'java/lang/NoSuchMethodError': <clinit>> (0x00000000da9e7ff0) thrown at [C:\src\AOSP-openjdk-git\hotspot\src\share\vm\prims\jni.cpp, line 1615]
Event: 62.219 Thread 0x0000000019c37800 Exception <a 'java/lang/NoSuchMethodError': <clinit>> (0x00000000da9fb3c0) thrown at [C:\src\AOSP-openjdk-git\hotspot\src\share\vm\prims\jni.cpp, line 1615]
Event: 62.264 Thread 0x0000000019b29800 Exception <a 'java/lang/ClassNotFoundException': build_2p7cuhl5369jw13bagu1tkjpeBeanInfo> (0x00000000da9a3990) thrown at [C:\src\AOSP-openjdk-git\hotspot\src\share\vm\classfile\systemDictionary.cpp, line 210]
Event: 62.265 Thread 0x0000000019b29800 Exception <a 'java/lang/ClassNotFoundException': build_2p7cuhl5369jw13bagu1tkjpeCustomizer> (0x00000000da9af5d0) thrown at [C:\src\AOSP-openjdk-git\hotspot\src\share\vm\classfile\systemDictionary.cpp, line 210]
Event: 62.300 Thread 0x0000000019b29800 Exception <a 'java/lang/ClassNotFoundException': org/gradle/plugin/use/internal/PluginRequestCollector$PluginDependenciesSpecImplBeanInfo> (0x00000000daaad540) thrown at [C:\src\AOSP-openjdk-git\hotspot\src\share\vm\classfile\systemDictionary.cpp, line 21
Event: 62.302 Thread 0x0000000019b29800 Exception <a 'java/lang/ClassNotFoundException': org/gradle/plugin/use/internal/PluginRequestCollector$PluginDependenciesSpecImplCustomizer> (0x00000000daaed480) thrown at [C:\src\AOSP-openjdk-git\hotspot\src\share\vm\classfile\systemDictionary.cpp, line 
Event: 62.502 Thread 0x0000000019b29800 Exception <a 'java/lang/ClassNotFoundException': org/gradle/api/internal/plugins/DefaultObjectConfigurationActionBeanInfo> (0x00000000d5847638) thrown at [C:\src\AOSP-openjdk-git\hotspot\src\share\vm\classfile\systemDictionary.cpp, line 210]
Event: 62.504 Thread 0x0000000019b29800 Exception <a 'java/lang/ClassNotFoundException': org/gradle/api/internal/plugins/DefaultObjectConfigurationActionCustomizer> (0x00000000d588b998) thrown at [C:\src\AOSP-openjdk-git\hotspot\src\share\vm\classfile\systemDictionary.cpp, line 210]

Events (10 events):
Event: 68.973 loading class org/gradle/api/services/BuildServiceRegistration
Event: 68.973 loading class org/gradle/api/services/BuildServiceRegistration done
Event: 68.974 loading class org/gradle/api/internal/provider/TypeSanitizingTransformer
Event: 68.974 loading class org/gradle/api/internal/provider/TypeSanitizingTransformer done
Event: 68.979 loading class com/android/build/gradle/options/Option
Event: 68.979 loading class com/android/build/gradle/options/Option done
Event: 68.980 loading class com/android/build/gradle/options/Option
Event: 68.980 loading class com/android/build/gradle/options/Option done
Event: 68.981 loading class com/android/build/gradle/internal/errors/DeprecationReporter
Event: 68.981 loading class com/android/build/gradle/internal/errors/DeprecationReporter done


Dynamic libraries:
0x00007ff63c870000 - 0x00007ff63c8a1000 	C:\Program Files\Android\Android Studio\jre\bin\java.exe
0x00007ffa19c10000 - 0x00007ffa19dfd000 	C:\Windows\SYSTEM32\ntdll.dll
0x00007ffa18f60000 - 0x00007ffa19013000 	C:\Windows\System32\KERNEL32.DLL
0x00007ffa15ea0000 - 0x00007ffa16135000 	C:\Windows\System32\KERNELBASE.dll
0x00007ffa19270000 - 0x00007ffa19313000 	C:\Windows\System32\ADVAPI32.dll
0x00007ffa19b40000 - 0x00007ffa19bde000 	C:\Windows\System32\msvcrt.dll
0x00007ffa19aa0000 - 0x00007ffa19b3e000 	C:\Windows\System32\sechost.dll
0x00007ffa186a0000 - 0x00007ffa187c2000 	C:\Windows\System32\RPCRT4.dll
0x00007ffa18360000 - 0x00007ffa184f7000 	C:\Windows\System32\USER32.dll
0x00007ffa16930000 - 0x00007ffa16950000 	C:\Windows\System32\win32u.dll
0x00007ffa16e30000 - 0x00007ffa16e59000 	C:\Windows\System32\GDI32.dll
0x00007ffa16a00000 - 0x00007ffa16b9c000 	C:\Windows\System32\gdi32full.dll
0x00007ffa16d90000 - 0x00007ffa16e30000 	C:\Windows\System32\msvcp_win.dll
0x00007ffa16c90000 - 0x00007ffa16d8a000 	C:\Windows\System32\ucrtbase.dll
0x00007ff9fbb40000 - 0x00007ff9fbdb9000 	C:\Windows\WinSxS\amd64_microsoft.windows.common-controls_6595b64144ccf1df_6.0.17763.1577_none_de7444545348a3d0\COMCTL32.dll
0x00007ffa19320000 - 0x00007ffa1964d000 	C:\Windows\System32\combase.dll
0x00007ffa16bf0000 - 0x00007ffa16c6e000 	C:\Windows\System32\bcryptPrimitives.dll
0x00007ffa199a0000 - 0x00007ffa199ce000 	C:\Windows\System32\IMM32.DLL
0x000000006dd00000 - 0x000000006ddd2000 	C:\Program Files\Android\Android Studio\jre\jre\bin\msvcr100.dll
0x000000006dec0000 - 0x000000006e70b000 	C:\Program Files\Android\Android Studio\jre\jre\bin\server\jvm.dll
0x00007ffa19a30000 - 0x00007ffa19a38000 	C:\Windows\System32\PSAPI.DLL
0x00007ffa04880000 - 0x00007ffa04889000 	C:\Windows\SYSTEM32\WSOCK32.dll
0x00007ffa19190000 - 0x00007ffa191fd000 	C:\Windows\System32\WS2_32.dll
0x00007ffa13c30000 - 0x00007ffa13c54000 	C:\Windows\SYSTEM32\WINMM.dll
0x00007ffa13c00000 - 0x00007ffa13c2d000 	C:\Windows\SYSTEM32\WINMMBASE.dll
0x00007ffa16ba0000 - 0x00007ffa16bea000 	C:\Windows\System32\cfgmgr32.dll
0x00007ffa11370000 - 0x00007ffa1137a000 	C:\Windows\SYSTEM32\VERSION.dll
0x00007ffa124b0000 - 0x00007ffa124bf000 	C:\Program Files\Android\Android Studio\jre\jre\bin\verify.dll
0x00007ffa11860000 - 0x00007ffa11889000 	C:\Program Files\Android\Android Studio\jre\jre\bin\java.dll
0x00007ffa0eca0000 - 0x00007ffa0ecb6000 	C:\Program Files\Android\Android Studio\jre\jre\bin\zip.dll
0x00007ffa16e60000 - 0x00007ffa18359000 	C:\Windows\System32\SHELL32.dll
0x00007ffa18500000 - 0x00007ffa185a8000 	C:\Windows\System32\shcore.dll
0x00007ffa16140000 - 0x00007ffa16893000 	C:\Windows\System32\windows.storage.dll
0x00007ffa15c90000 - 0x00007ffa15cb4000 	C:\Windows\System32\profapi.dll
0x00007ffa15bf0000 - 0x00007ffa15c4d000 	C:\Windows\System32\powrprof.dll
0x00007ffa19210000 - 0x00007ffa19262000 	C:\Windows\System32\shlwapi.dll
0x00007ffa15c50000 - 0x00007ffa15c61000 	C:\Windows\System32\kernel.appcore.dll
0x00007ffa16c70000 - 0x00007ffa16c87000 	C:\Windows\System32\cryptsp.dll
0x00007ffa0ec40000 - 0x00007ffa0ec5a000 	C:\Program Files\Android\Android Studio\jre\jre\bin\net.dll
0x00007ffa15400000 - 0x00007ffa15467000 	C:\Windows\system32\mswsock.dll
0x00007ffa0e790000 - 0x00007ffa0e7a3000 	C:\Program Files\Android\Android Studio\jre\jre\bin\nio.dll
0x00007ffa0dd50000 - 0x00007ffa0dd77000 	C:\Users\ELCOT\.gradle\native\f6784746aeab05261644944871eae4fe03e0ef1612fff0a4a95f87b438bc6780\windows-amd64\native-platform.dll
0x00007ffa11850000 - 0x00007ffa1185d000 	C:\Program Files\Android\Android Studio\jre\jre\bin\management.dll
0x00007ffa14f80000 - 0x00007ffa14fb3000 	C:\Windows\system32\rsaenh.dll
0x00007ffa16900000 - 0x00007ffa16926000 	C:\Windows\System32\bcrypt.dll
0x00007ffa15af0000 - 0x00007ffa15b19000 	C:\Windows\SYSTEM32\USERENV.dll
0x00007ffa155d0000 - 0x00007ffa155dc000 	C:\Windows\SYSTEM32\CRYPTBASE.dll
0x00007ffa15120000 - 0x00007ffa1515d000 	C:\Windows\SYSTEM32\IPHLPAPI.DLL
0x00007ffa19700000 - 0x00007ffa19708000 	C:\Windows\System32\NSI.dll
0x00007ffa0d480000 - 0x00007ffa0d496000 	C:\Windows\SYSTEM32\dhcpcsvc6.DLL
0x00007ffa0cef0000 - 0x00007ffa0cf0c000 	C:\Windows\SYSTEM32\dhcpcsvc.DLL
0x00007ffa15160000 - 0x00007ffa15226000 	C:\Windows\SYSTEM32\DNSAPI.dll
0x00007ffa0d4f0000 - 0x00007ffa0d4fb000 	C:\Windows\SYSTEM32\WINNSI.DLL

VM Arguments:
jvm_args: -Xmx2048m -Dfile.encoding=UTF-8 -Duser.country=US -Duser.language=en -Duser.variant 
java_command: org.gradle.launcher.daemon.bootstrap.GradleDaemon 6.5
java_class_path (initial): C:\Users\ELCOT\.gradle\wrapper\dists\gradle-6.5-bin\6nifqtx7604sqp1q6g8wikw7p\gradle-6.5\lib\gradle-launcher-6.5.jar
Launcher Type: SUN_STANDARD

Environment Variables:
JAVA_HOME=C:\Program Files\Java\jdk-14.0.1
PATH=C:\Windows\system32;C:\Windows;C:\Windows\System32\Wbem;C:\Windows\System32\WindowsPowerShell\v1.0\;C:\Windows\System32\OpenSSH\;C:\Program Files\Microsoft VS Code\bin;C:\Program Files\Java\jdk-14.0.1\bin;C:\Users\ELCOT\AppData\Local\Programs\Python\Python38-32\Scripts\;C:\Users\ELCOT\AppData\Local\Programs\Python\Python38-32\;C:\Users\ELCOT\AppData\Local\Programs\Python\Python37-32\Scripts\;C:\Users\ELCOT\AppData\Local\Programs\Python\Python37-32\;C:\Users\ELCOT\AppData\Local\Microsoft\WindowsApps
USERNAME=ELCOT
OS=Windows_NT
PROCESSOR_IDENTIFIER=AMD64 Family 21 Model 112 Stepping 0, AuthenticAMD



---------------  S Y S T E M  ---------------

OS: Windows 10.0 , 64 bit Build 17763 (10.0.17763.475)

CPU:total 2 (initial active 2) (2 cores per cpu, 1 threads per core) family 21 model 112 stepping 0, cmov, cx8, fxsr, mmx, sse, sse2, sse3, ssse3, sse4.1, sse4.2, popcnt, avx, avx2, aes, clmul, mmxext, 3dnowpref, lzcnt, sse4a, tsc, tscinvbit, tscinv, bmi1

Memory: 4k page, physical 4029812k(313384k free), swap 16612724k(16k free)

vm_info: OpenJDK 64-Bit Server VM (25.242-b01) for windows-amd64 JRE (1.8.0_242-release-1644-b01), built by "builder" with MS VC++ 10.0 (VS2010)

time: Mon Apr 19 07:57:27 2021
timezone: Pacific Daylight Time
elapsed time: 69 seconds (0d 0h 1m 9s)

